This is pdfTeX, Version 3.141592653-2.6-1.40.22 (TeX Live 2022/dev/Debian) (preloaded format=pdflatex 2022.10.20)  3 JAN 2023 01:18
entering extended mode
 restricted \write18 enabled.
 %&-line parsing enabled.
**main.tex
(./main.tex
LaTeX2e <2021-11-15> patch level 1
L3 programming layer <2022-01-21>
(/usr/share/texlive/texmf-dist/tex/latex/base/report.cls
Document Class: report 2021/10/04 v1.4n Standard LaTeX document class
(/usr/share/texlive/texmf-dist/tex/latex/base/size10.clo
File: size10.clo 2021/10/04 v1.4n Standard LaTeX file (size option)
)
\c@part=\count185
\c@chapter=\count186
\c@section=\count187
\c@subsection=\count188
\c@subsubsection=\count189
\c@paragraph=\count190
\c@subparagraph=\count191
\c@figure=\count192
\c@table=\count193
\abovecaptionskip=\skip47
\belowcaptionskip=\skip48
\bibindent=\dimen138
)
(/usr/share/texlive/texmf-dist/tex/generic/babel/babel.sty
Package: babel 2022/01/26 3.70 The Babel package
\babel@savecnt=\count194
\U@D=\dimen139
\l@unhyphenated=\language9

(/usr/share/texlive/texmf-dist/tex/generic/babel/txtbabel.def)
\bbl@readstream=\read2
\bbl@dirlevel=\count195

(/usr/share/texlive/texmf-dist/tex/generic/babel-french/french.ldf
Language: french 2021/07/20 v3.5m French support from the babel system
Package babel Info: Hyphen rules for 'acadian' set to \l@french
(babel)             (\language8). Reported on input line 91.
Package babel Info: Hyphen rules for 'canadien' set to \l@french
(babel)             (\language8). Reported on input line 92.
\FB@nonchar=\count196
Package babel Info: Making : an active character on input line 430.
Package babel Info: Making ; an active character on input line 431.
Package babel Info: Making ! an active character on input line 432.
Package babel Info: Making ? an active character on input line 433.
\FBguill@level=\count197
\FBold@everypar=\toks16
\FB@Mht=\dimen140
\mc@charclass=\count198
\mc@charfam=\count199
\mc@charslot=\count266
\std@mcc=\count267
\dec@mcc=\count268
\listindentFB=\dimen141
\descindentFB=\dimen142
\labelindentFB=\dimen143
\labelwidthFB=\dimen144
\leftmarginFB=\dimen145
\parindentFFN=\dimen146
\FBfnindent=\dimen147
))
(/usr/share/texlive/texmf-dist/tex/latex/carlisle/scalefnt.sty)
(/usr/share/texlive/texmf-dist/tex/latex/graphics/keyval.sty
Package: keyval 2014/10/28 v1.15 key=value parser (DPC)
\KV@toks@=\toks17
)
(/usr/share/texlive/texmf-dist/tex/latex/geometry/geometry.sty
Package: geometry 2020/01/02 v5.9 Page Geometry

(/usr/share/texlive/texmf-dist/tex/generic/iftex/ifvtex.sty
Package: ifvtex 2019/10/25 v1.7 ifvtex legacy package. Use iftex instead.

(/usr/share/texlive/texmf-dist/tex/generic/iftex/iftex.sty
Package: iftex 2020/03/06 v1.0d TeX engine tests
))
\Gm@cnth=\count269
\Gm@cntv=\count270
\c@Gm@tempcnt=\count271
\Gm@bindingoffset=\dimen148
\Gm@wd@mp=\dimen149
\Gm@odd@mp=\dimen150
\Gm@even@mp=\dimen151
\Gm@layoutwidth=\dimen152
\Gm@layoutheight=\dimen153
\Gm@layouthoffset=\dimen154
\Gm@layoutvoffset=\dimen155
\Gm@dimlist=\toks18
) (./algorithme.sty
Package: algorithme 2002/12/22 package algorithme
(/usr/share/texlive/texmf-dist/tex/latex/tools/calc.sty
Package: calc 2017/05/25 v4.3 Infix arithmetic (KKT,FJ)
\calc@Acount=\count272
\calc@Bcount=\count273
\calc@Adimen=\dimen156
\calc@Bdimen=\dimen157
\calc@Askip=\skip49
\calc@Bskip=\skip50
LaTeX Info: Redefining \setlength on input line 80.
LaTeX Info: Redefining \addtolength on input line 81.
\calc@Ccount=\count274
\calc@Cskip=\skip51
)
(/usr/share/texlive/texmf-dist/tex/latex/amsfonts/amssymb.sty
Package: amssymb 2013/01/14 v3.01 AMS font symbols

(/usr/share/texlive/texmf-dist/tex/latex/amsfonts/amsfonts.sty
Package: amsfonts 2013/01/14 v3.01 Basic AMSFonts support
\@emptytoks=\toks19
\symAMSa=\mathgroup4
\symAMSb=\mathgroup5
LaTeX Font Info:    Redeclaring math symbol \hbar on input line 98.
LaTeX Font Info:    Overwriting math alphabet `\mathfrak' in version `bold'
(Font)                  U/euf/m/n --> U/euf/b/n on input line 106.
)))
(/usr/share/texlive/texmf-dist/tex/latex/comment/comment.sty
\CommentStream=\write3

Excluding comment 'comment')
(/usr/share/texlive/texmf-dist/tex/latex/base/fontenc.sty
Package: fontenc 2021/04/29 v2.0v Standard LaTeX package
)
(/usr/share/texlive/texmf-dist/tex/latex/preprint/fullpage.sty
Package: fullpage 1999/02/23 1.1 (PWD)
\FP@margin=\skip52
)
(/usr/share/texlive/texmf-dist/tex/latex/graphics/color.sty
Package: color 2021/12/07 v1.3c Standard LaTeX Color (DPC)

(/usr/share/texlive/texmf-dist/tex/latex/graphics-cfg/color.cfg
File: color.cfg 2016/01/02 v1.6 sample color configuration
)
Package color Info: Driver file: pdftex.def on input line 149.

(/usr/share/texlive/texmf-dist/tex/latex/graphics-def/pdftex.def
File: pdftex.def 2020/10/05 v1.2a Graphics/color driver for pdftex
))
(/usr/share/texlive/texmf-dist/tex/latex/listings/listings.sty
\lst@mode=\count275
\lst@gtempboxa=\box50
\lst@token=\toks20
\lst@length=\count276
\lst@currlwidth=\dimen158
\lst@column=\count277
\lst@pos=\count278
\lst@lostspace=\dimen159
\lst@width=\dimen160
\lst@newlines=\count279
\lst@lineno=\count280
\lst@maxwidth=\dimen161

(/usr/share/texlive/texmf-dist/tex/latex/listings/lstmisc.sty
File: lstmisc.sty 2020/03/24 1.8d (Carsten Heinz)
\c@lstnumber=\count281
\lst@skipnumbers=\count282
\lst@framebox=\box51
)
(/usr/share/texlive/texmf-dist/tex/latex/listings/listings.cfg
File: listings.cfg 2020/03/24 1.8d listings configuration
))
Package: listings 2020/03/24 1.8d (Carsten Heinz)

(/usr/share/texlive/texmf-dist/tex/latex/xcolor/xcolor.sty
Package: xcolor 2021/10/31 v2.13 LaTeX color extensions (UK)

(/usr/share/texlive/texmf-dist/tex/latex/graphics-cfg/color.cfg
File: color.cfg 2016/01/02 v1.6 sample color configuration
)
Package xcolor Info: Driver file: pdftex.def on input line 227.
LaTeX Info: Redefining \color on input line 711.
Package xcolor Info: Model `cmy' substituted by `cmy0' on input line 1352.
Package xcolor Info: Model `hsb' substituted by `rgb' on input line 1356.
Package xcolor Info: Model `RGB' extended on input line 1368.
Package xcolor Info: Model `HTML' substituted by `rgb' on input line 1370.
Package xcolor Info: Model `Hsb' substituted by `hsb' on input line 1371.
Package xcolor Info: Model `tHsb' substituted by `hsb' on input line 1372.
Package xcolor Info: Model `HSB' substituted by `hsb' on input line 1373.
Package xcolor Info: Model `Gray' substituted by `gray' on input line 1374.
Package xcolor Info: Model `wave' substituted by `hsb' on input line 1375.
)
(/usr/share/texlive/texmf-dist/tex/latex/pdfpages/pdfpages.sty
Package: pdfpages 2022/01/29 v0.5u Insert pages of external PDF documents (AM)

(/usr/share/texlive/texmf-dist/tex/latex/base/ifthen.sty
Package: ifthen 2020/11/24 v1.1c Standard LaTeX ifthen package (DPC)
)
(/usr/share/texlive/texmf-dist/tex/latex/eso-pic/eso-pic.sty
Package: eso-pic 2020/10/14 v3.0a eso-pic (RN)
\ESO@tempdima=\dimen162
\ESO@tempdimb=\dimen163
)
(/usr/share/texlive/texmf-dist/tex/latex/graphics/graphicx.sty
Package: graphicx 2021/09/16 v1.2d Enhanced LaTeX Graphics (DPC,SPQR)

(/usr/share/texlive/texmf-dist/tex/latex/graphics/graphics.sty
Package: graphics 2021/03/04 v1.4d Standard LaTeX Graphics (DPC,SPQR)

(/usr/share/texlive/texmf-dist/tex/latex/graphics/trig.sty
Package: trig 2021/08/11 v1.11 sin cos tan (DPC)
)
(/usr/share/texlive/texmf-dist/tex/latex/graphics-cfg/graphics.cfg
File: graphics.cfg 2016/06/04 v1.11 sample graphics configuration
)
Package graphics Info: Driver file: pdftex.def on input line 107.
)
\Gin@req@height=\dimen164
\Gin@req@width=\dimen165
)
\AM@pagewidth=\dimen166
\AM@pageheight=\dimen167
\AM@fboxrule=\dimen168

(/usr/share/texlive/texmf-dist/tex/latex/pdfpages/pppdftex.def
File: pppdftex.def 2022/01/29 v0.5u Pdfpages driver for pdfTeX (AM)
)
\pdfpages@includegraphics@status=\count283
\AM@pagebox=\box52
\AM@global@opts=\toks21
\AM@pagecnt=\count284
\AM@toc@title=\toks22
\c@AM@survey=\count285
\AM@templatesizebox=\box53
)
(/usr/share/texlive/texmf-dist/tex/latex/hyperref/hyperref.sty
Package: hyperref 2021-06-07 v7.00m Hypertext links for LaTeX

(/usr/share/texlive/texmf-dist/tex/generic/ltxcmds/ltxcmds.sty
Package: ltxcmds 2020-05-10 v1.25 LaTeX kernel commands for general use (HO)
)
(/usr/share/texlive/texmf-dist/tex/generic/pdftexcmds/pdftexcmds.sty
Package: pdftexcmds 2020-06-27 v0.33 Utility functions of pdfTeX for LuaTeX (HO
)

(/usr/share/texlive/texmf-dist/tex/generic/infwarerr/infwarerr.sty
Package: infwarerr 2019/12/03 v1.5 Providing info/warning/error messages (HO)
)
Package pdftexcmds Info: \pdf@primitive is available.
Package pdftexcmds Info: \pdf@ifprimitive is available.
Package pdftexcmds Info: \pdfdraftmode found.
)
(/usr/share/texlive/texmf-dist/tex/generic/kvsetkeys/kvsetkeys.sty
Package: kvsetkeys 2019/12/15 v1.18 Key value parser (HO)
)
(/usr/share/texlive/texmf-dist/tex/generic/kvdefinekeys/kvdefinekeys.sty
Package: kvdefinekeys 2019-12-19 v1.6 Define keys (HO)
)
(/usr/share/texlive/texmf-dist/tex/generic/pdfescape/pdfescape.sty
Package: pdfescape 2019/12/09 v1.15 Implements pdfTeX's escape features (HO)
)
(/usr/share/texlive/texmf-dist/tex/latex/hycolor/hycolor.sty
Package: hycolor 2020-01-27 v1.10 Color options for hyperref/bookmark (HO)
)
(/usr/share/texlive/texmf-dist/tex/latex/letltxmacro/letltxmacro.sty
Package: letltxmacro 2019/12/03 v1.6 Let assignment for LaTeX macros (HO)
)
(/usr/share/texlive/texmf-dist/tex/latex/auxhook/auxhook.sty
Package: auxhook 2019-12-17 v1.6 Hooks for auxiliary files (HO)
)
(/usr/share/texlive/texmf-dist/tex/latex/kvoptions/kvoptions.sty
Package: kvoptions 2020-10-07 v3.14 Key value format for package options (HO)
)
\@linkdim=\dimen169
\Hy@linkcounter=\count286
\Hy@pagecounter=\count287

(/usr/share/texlive/texmf-dist/tex/latex/hyperref/pd1enc.def
File: pd1enc.def 2021-06-07 v7.00m Hyperref: PDFDocEncoding definition (HO)
Now handling font encoding PD1 ...
... no UTF-8 mapping file for font encoding PD1
)
(/usr/share/texlive/texmf-dist/tex/latex/hyperref/hyperref-langpatches.def
File: hyperref-langpatches.def 2021-06-07 v7.00m Hyperref: patches for babel la
nguages
)
(/usr/share/texlive/texmf-dist/tex/generic/intcalc/intcalc.sty
Package: intcalc 2019/12/15 v1.3 Expandable calculations with integers (HO)
)
(/usr/share/texlive/texmf-dist/tex/generic/etexcmds/etexcmds.sty
Package: etexcmds 2019/12/15 v1.7 Avoid name clashes with e-TeX commands (HO)
)
\Hy@SavedSpaceFactor=\count288

(/usr/share/texlive/texmf-dist/tex/latex/hyperref/puenc.def
File: puenc.def 2021-06-07 v7.00m Hyperref: PDF Unicode definition (HO)
Now handling font encoding PU ...
... no UTF-8 mapping file for font encoding PU
)
Package hyperref Info: Hyper figures OFF on input line 4192.
Package hyperref Info: Link nesting OFF on input line 4197.
Package hyperref Info: Hyper index ON on input line 4200.
Package hyperref Info: Plain pages OFF on input line 4207.
Package hyperref Info: Backreferencing OFF on input line 4212.
Package hyperref Info: Implicit mode ON; LaTeX internals redefined.
Package hyperref Info: Bookmarks ON on input line 4445.
\c@Hy@tempcnt=\count289

(/usr/share/texlive/texmf-dist/tex/latex/url/url.sty
\Urlmuskip=\muskip16
Package: url 2013/09/16  ver 3.4  Verb mode for urls, etc.
)
LaTeX Info: Redefining \url on input line 4804.
\XeTeXLinkMargin=\dimen170

(/usr/share/texlive/texmf-dist/tex/generic/bitset/bitset.sty
Package: bitset 2019/12/09 v1.3 Handle bit-vector datatype (HO)

(/usr/share/texlive/texmf-dist/tex/generic/bigintcalc/bigintcalc.sty
Package: bigintcalc 2019/12/15 v1.5 Expandable calculations on big integers (HO
)
))
\Fld@menulength=\count290
\Field@Width=\dimen171
\Fld@charsize=\dimen172
Package hyperref Info: Hyper figures OFF on input line 6076.
Package hyperref Info: Link nesting OFF on input line 6081.
Package hyperref Info: Hyper index ON on input line 6084.
Package hyperref Info: backreferencing OFF on input line 6091.
Package hyperref Info: Link coloring OFF on input line 6096.
Package hyperref Info: Link coloring with OCG OFF on input line 6101.
Package hyperref Info: PDF/A mode OFF on input line 6106.
LaTeX Info: Redefining \ref on input line 6146.
LaTeX Info: Redefining \pageref on input line 6150.

(/usr/share/texlive/texmf-dist/tex/latex/base/atbegshi-ltx.sty
Package: atbegshi-ltx 2021/01/10 v1.0c Emulation of the original atbegshi
package with kernel methods
)
\Hy@abspage=\count291
\c@Item=\count292
\c@Hfootnote=\count293
)
Package hyperref Info: Driver (autodetected): hpdftex.

(/usr/share/texlive/texmf-dist/tex/latex/hyperref/hpdftex.def
File: hpdftex.def 2021-06-07 v7.00m Hyperref driver for pdfTeX

(/usr/share/texlive/texmf-dist/tex/latex/base/atveryend-ltx.sty
Package: atveryend-ltx 2020/08/19 v1.0a Emulation of the original atveryend pac
kage
with kernel methods
)
\Fld@listcount=\count294
\c@bookmark@seq@number=\count295

(/usr/share/texlive/texmf-dist/tex/latex/rerunfilecheck/rerunfilecheck.sty
Package: rerunfilecheck 2019/12/05 v1.9 Rerun checks for auxiliary files (HO)

(/usr/share/texlive/texmf-dist/tex/generic/uniquecounter/uniquecounter.sty
Package: uniquecounter 2019/12/15 v1.4 Provide unlimited unique counter (HO)
)
Package uniquecounter Info: New unique counter `rerunfilecheck' on input line 2
86.
)
\Hy@SectionHShift=\skip53
)
(/usr/share/texlive/texmf-dist/tex/latex/tools/tabularx.sty
Package: tabularx 2020/01/15 v2.11c `tabularx' package (DPC)

(/usr/share/texlive/texmf-dist/tex/latex/tools/array.sty
Package: array 2021/10/04 v2.5f Tabular extension package (FMi)
\col@sep=\dimen173
\ar@mcellbox=\box54
\extrarowheight=\dimen174
\NC@list=\toks23
\extratabsurround=\skip54
\backup@length=\skip55
\ar@cellbox=\box55
)
\TX@col@width=\dimen175
\TX@old@table=\dimen176
\TX@old@col=\dimen177
\TX@target=\dimen178
\TX@delta=\dimen179
\TX@cols=\count296
\TX@ftn=\toks24
)
(/usr/share/texlive/texmf-dist/tex/latex/parskip/parskip.sty
Package: parskip 2021-03-14 v2.0h non-zero parskip adjustments

(/usr/share/texlive/texmf-dist/tex/latex/etoolbox/etoolbox.sty
Package: etoolbox 2020/10/05 v2.5k e-TeX tools for LaTeX (JAW)
\etb@tempcnta=\count297
))
Package hyperref Info: Option `colorlinks' set `true' on input line 29.

(/usr/share/texlive/texmf-dist/tex/latex/listings/lstlang1.sty
File: lstlang1.sty 2020/03/24 1.8d listings language file
)
(/usr/share/texlive/texmf-dist/tex/latex/listings/lstmisc.sty
File: lstmisc.sty 2020/03/24 1.8d (Carsten Heinz)
)
(/usr/share/texlive/texmf-dist/tex/latex/l3backend/l3backend-pdftex.def
File: l3backend-pdftex.def 2022-01-12 L3 backend support: PDF output (pdfTeX)
\l__color_backend_stack_int=\count298
\l__pdf_internal_box=\box56
)
(./main.aux)
\openout1 = `main.aux'.

LaTeX Font Info:    Checking defaults for OML/cmm/m/it on input line 76.
LaTeX Font Info:    ... okay on input line 76.
LaTeX Font Info:    Checking defaults for OMS/cmsy/m/n on input line 76.
LaTeX Font Info:    ... okay on input line 76.
LaTeX Font Info:    Checking defaults for OT1/cmr/m/n on input line 76.
LaTeX Font Info:    ... okay on input line 76.
LaTeX Font Info:    Checking defaults for T1/cmr/m/n on input line 76.
LaTeX Font Info:    ... okay on input line 76.
LaTeX Font Info:    Checking defaults for TS1/cmr/m/n on input line 76.
LaTeX Font Info:    ... okay on input line 76.
LaTeX Font Info:    Checking defaults for OMX/cmex/m/n on input line 76.
LaTeX Font Info:    ... okay on input line 76.
LaTeX Font Info:    Checking defaults for U/cmr/m/n on input line 76.
LaTeX Font Info:    ... okay on input line 76.
LaTeX Font Info:    Checking defaults for PD1/pdf/m/n on input line 76.
LaTeX Font Info:    ... okay on input line 76.
LaTeX Font Info:    Checking defaults for PU/pdf/m/n on input line 76.
LaTeX Font Info:    ... okay on input line 76.
LaTeX Info: Redefining \degres on input line 76.
LaTeX Info: Redefining \up on input line 76.

*geometry* driver: auto-detecting
*geometry* detected driver: pdftex
*geometry* verbose mode - [ preamble ] result:
* driver: pdftex
* paper: letterpaper
* layout: <same size as paper>
* layoutoffset:(h,v)=(0.0pt,0.0pt)
* modes: 
* h-part:(L,W,R)=(85.35826pt, 443.57848pt, 85.35826pt)
* v-part:(T,H,B)=(56.9055pt, 681.15898pt, 56.9055pt)
* \paperwidth=614.295pt
* \paperheight=794.96999pt
* \textwidth=469.75502pt
* \textheight=620.43001pt
* \oddsidemargin=0.0pt
* \evensidemargin=0.0pt
* \topmargin=0.0pt
* \headheight=0.0pt
* \headsep=0.0pt
* \topskip=10.0pt
* \footskip=30.0pt
* \marginparwidth=49.79231pt
* \marginparsep=11.0pt
* \columnsep=10.0pt
* \skip\footins=9.0pt plus 4.0pt minus 2.0pt
* \hoffset=0.0pt
* \voffset=0.0pt
* \mag=1000
* \@twocolumnfalse
* \@twosidefalse
* \@mparswitchfalse
* \@reversemarginfalse
* (1in=72.27pt=25.4mm, 1cm=28.453pt)

(/usr/share/texlive/texmf-dist/tex/context/base/mkii/supp-pdf.mkii
[Loading MPS to PDF converter (version 2006.09.02).]
\scratchcounter=\count299
\scratchdimen=\dimen180
\scratchbox=\box57
\nofMPsegments=\count300
\nofMParguments=\count301
\everyMPshowfont=\toks25
\MPscratchCnt=\count302
\MPscratchDim=\dimen181
\MPnumerator=\count303
\makeMPintoPDFobject=\count304
\everyMPtoPDFconversion=\toks26
) (/usr/share/texlive/texmf-dist/tex/latex/epstopdf-pkg/epstopdf-base.sty
Package: epstopdf-base 2020-01-24 v2.11 Base part for package epstopdf
Package epstopdf-base Info: Redefining graphics rule for `.eps' on input line 4
85.

(/usr/share/texlive/texmf-dist/tex/latex/latexconfig/epstopdf-sys.cfg
File: epstopdf-sys.cfg 2010/07/13 v1.3 Configuration of (r)epstopdf for TeX Liv
e
))
\c@lstlisting=\count305

(/usr/share/texlive/texmf-dist/tex/latex/pdflscape/pdflscape.sty
Package: pdflscape 2019/12/05 v0.12 Display of landscape pages in PDF (HO)

(/usr/share/texlive/texmf-dist/tex/latex/graphics/lscape.sty
Package: lscape 2020/05/28 v3.02 Landscape Pages (DPC)
)
Package pdflscape Info: Auto-detected driver: pdftex on input line 81.
)
Package hyperref Info: Link coloring ON on input line 76.

(/usr/share/texlive/texmf-dist/tex/latex/hyperref/nameref.sty
Package: nameref 2021-04-02 v2.47 Cross-referencing by name of section

(/usr/share/texlive/texmf-dist/tex/latex/refcount/refcount.sty
Package: refcount 2019/12/15 v3.6 Data extraction from label references (HO)
)
(/usr/share/texlive/texmf-dist/tex/generic/gettitlestring/gettitlestring.sty
Package: gettitlestring 2019/12/15 v1.6 Cleanup title references (HO)
)
\c@section@level=\count306
)
LaTeX Info: Redefining \ref on input line 76.
LaTeX Info: Redefining \pageref on input line 76.
LaTeX Info: Redefining \nameref on input line 76.

(./main.out) (./main.out)
\@outlinefile=\write4
\openout4 = `main.out'.

LaTeX Font Info:    Trying to load font information for U+msa on input line 79.


(/usr/share/texlive/texmf-dist/tex/latex/amsfonts/umsa.fd
File: umsa.fd 2013/01/14 v3.01 AMS symbols A
)
LaTeX Font Info:    Trying to load font information for U+msb on input line 79.


(/usr/share/texlive/texmf-dist/tex/latex/amsfonts/umsb.fd
File: umsb.fd 2013/01/14 v3.01 AMS symbols B
) [1

{/var/lib/texmf/fonts/map/pdftex/updmap/pdftex.map}]
Chapitre 1.
pdfTeX warning (ext4): destination with the same identifier (name{page.1}) has 
been already used, duplicate ignored
<to be read again> 
                   \relax 
l.88 \chapter
             {Analyse descendante} [1

]
Chapitre 2.


pdfTeX warning: pdflatex (file ./Analyse_descendante.pdf): PDF inclusion: found
 PDF version <1.7>, but at most version <1.5> allowed
<Analyse_descendante.pdf, id=85, 2287.54625pt x 1043.9pt>
File: Analyse_descendante.pdf Graphic file (type pdf)
<use Analyse_descendante.pdf>
Package pdftex.def Info: Analyse_descendante.pdf  used on input line 91.
(pdftex.def)             Requested size: 594.748pt x 271.4076pt.
[2

 <./Analyse_descendante.pdf>]
Chapitre 3.
LaTeX Font Info:    Trying to load font information for T1+cmss on input line 9
7.
(/usr/share/texlive/texmf-dist/tex/latex/base/t1cmss.fd
File: t1cmss.fd 2019/12/16 v2.5j Standard LaTeX font definitions
) [3

]
LaTeX Font Info:    Trying to load font information for T1+cmtt on input line 2
03.

(/usr/share/texlive/texmf-dist/tex/latex/base/t1cmtt.fd
File: t1cmtt.fd 2019/12/16 v2.5j Standard LaTeX font definitions
)
LaTeX Font Info:    Font shape `T1/cmtt/bx/n' in size <10> not available
(Font)              Font shape `T1/cmtt/m/n' tried instead on input line 203.

Overfull \hbox (7.12975pt too wide) in paragraph at lines 207--208
[]\T1/cmtt/m/n/10 procédure JEU_Jouer (E couleur_joueur_courant : Couleur , cou
p : Coup , E/S p : Plateau) 
 []

[4]
Overfull \hbox (17.62718pt too wide) in paragraph at lines 214--215
[]\T1/cmtt/m/n/10 fonction IA_obtenirCoupIA (p:Plateau , couleur_joueur_courant
 : Couleur , ligne : Naturel,
 []


Overfull \hbox (35.02571pt too wide) in paragraph at lines 215--216
[]\T1/cmtt/m/n/10 fonction IA_scoreDUnCoup (p:Plateau , couleur_joueur : Couleu
r , profondeur : Naturel \T1/cmr/m/n/10 :\T1/cmr/bx/n/10 Naturel 
 []


Overfull \hbox (7.12975pt too wide) in paragraph at lines 219--220
[]\T1/cmtt/m/n/10 fonction minMax(p : Plateau, couleur_joueur_courant , couleur
_joueur_referent : Couleur)
 []


Overfull \hbox (28.12462pt too wide) in paragraph at lines 225--226
[]\T1/cmtt/m/n/10 fonction JEU_obtenirCoupH (p : Plateau , couleur_Joueur : Cou
leur , ligne : Naturel, colonne
 []


Overfull \hbox (7.12975pt too wide) in paragraph at lines 228--229
[]\T1/cmtt/m/n/10 fonction GP_testerDirection(p : Plateau pos : Position dir : 
Naturel c : Couleur)Booleen 
 []

[5]
Chapitre 4.
(./CD_JEU/JEU_FaireUnePartie.tex [6

]
Overfull \hbox (18.12091pt too wide) in paragraph at lines 34--34
[]\T1/cmr/m/n/10 IA_coupValide(p,coup(TADPion_pion(couleur_joueur_humain ,Po-si
-tion_position(ligne,colonne)))))
 []


Underfull \hbox (badness 10000) in paragraph at lines 34--34

 []

) (./CD_JEU/JEU_jouer.tex) (./CD_JEU/JEU_obtenirCoupH.tex [7])
(./CD_JEU/seDeplacerDansLaDirection.tex
Overfull \hbox (3.2482pt too wide) in paragraph at lines 6--6
[]\T1/cmr/bx/n/10 retourner \T1/cmr/m/n/10 Po-si-tion_position(Position_obtenir
Ligne(pos) + dir-Ligne[dir] , Po-si-tion_obtenirColonne(pos)
 []

) (./CD_JEU/JEU_trouverVainqueur.tex) (./CD_JEU/JEU_trouverEgalite.tex [8])
(./CD_JEU/JEU_testerFin.tex) (./CD_JEU/JEU_calculerScore.tex)
(./CD_GestionPlateau/GP_convertirCoordonneeEnPosition.tex [9])
(./CD_GestionPlateau/GP_afficherPlateau.tex
Overfull \hbox (28.7787pt too wide) in paragraph at lines 24--24
[]\T1/cmr/bx/n/10 ecrire\T1/cmr/m/n/10 (TADPion_obtenirCouleur(TADPlateau_obten
irPion(p, TAD-Po-si-tion_position(i,j))).couleur)
 []


Underfull \hbox (badness 10000) in paragraph at lines 24--24

 []

Excluding 'comment' comment.) (./CD_GestionPlateau/GP_initialiserPlateau.tex
[10] Excluding 'comment' comment.) (./CD_GestionPlateau/GP_positionInvalide.tex

Overfull \hbox (1.1354pt too wide) in paragraph at lines 12--12
[]\T1/cmr/bx/n/10 retourner \T1/cmr/m/n/10 TAD-Po-si-tion_obtenirColonne(pos) <
 0 OU TAD-Po-si-tion_obtenirColonne(pos) > 7 OU TAD-
 []

Excluding 'comment' comment.) (./CD_GestionPlateau/GP_tourJouable.tex
Excluding 'comment' comment.) (./CD_GestionPlateau/GP_testerDirection.tex
[11] Excluding 'comment' comment.) (./CD_GestionPlateau/GP_miseAJourPlateau.tex
Excluding 'comment' comment.) (./CD_GestionPlateau/GP_max.tex [12]
Excluding 'comment' comment.) (./CD_GestionPlateau/GP_min.tex
Excluding 'comment' comment.) (./CD_GestionPlateau/GP_nbPionsContigus.tex
Excluding 'comment' comment.) (./CD_IA/IA_coupValide.tex [13])
(./CD_IA/IA_evaluer.tex) (./CD_IA/IA_minMax.tex
Overfull \hbox (66.96494pt too wide) in paragraph at lines 17--17
[]\T1/cmr/m/n/10 resultat $\OMS/cmsy/m/n/10  $ \T1/cmr/m/n/10 IA_scoreDUnCoup(p
,Coups_obtenirIEmeCoup(coups_possibles,0),couleur_joueur_courant,profondeur)
 []


Underfull \hbox (badness 10000) in paragraph at lines 17--17

 []


Overfull \hbox (32.2588pt too wide) in paragraph at lines 17--17
[]\T1/cmr/m/n/10 score $\OMS/cmsy/m/n/10  $ \T1/cmr/m/n/10 IA_scoreDUnCoup(p,ob
tenirIEmeCoup(coups_possibles,i),couleur_joueur_courant,profondeur)
 []


Underfull \hbox (badness 10000) in paragraph at lines 17--17

 []

) (./CD_IA/IA_obtenirCoupIA.tex [14]
Overfull \hbox (18.03244pt too wide) in paragraph at lines 11--11
[]\T1/cmr/m/n/10 score $\OMS/cmsy/m/n/10  $ \T1/cmr/m/n/10 IA_scoreDUnCoup(p,ob
tenirIEmeCoup(coups_possibles,i),couleur_joueur_courant,profondeur)
 []


Underfull \hbox (badness 10000) in paragraph at lines 11--11

 []

) (./CD_IA/IA_obtenirCoupsPossibles.tex) (./CD_IA/IA_score.tex)
(./CD_IA/IA_scoreDUnCoup.tex [15]) (./TOURNOI/TO_tournoi.tex [16]) [17]
Chapitre 5.
(./codeC/codeC.tex (../../src/TAD_Couleur.c) [18

] (../../src/TAD_Coup.c)
(../../src/TAD_Coups.c [19] [20]) (../../src/TAD_Pion.c [21])
(../../src/TAD_Plateau.c [22] [23] [24]) (../../src/TAD_Position.c [25])
(../../src/UNIT_GestionPlateau.c [26] [27] [28]) (../../src/JEU_Jouer.c
[29]) (../../src/JEU_ObtenirCoupH.c) (../../src/JEU_CalculerScore.c [30])
(../../src/JEU_FaireUnePartie.c [31] [32])
(../../src/JEU_SeDeplacerDansLaDirection.c [33]) (../../src/JEU_TesterFin.c)
(../../src/JEU_TrouverEgalite.c [34]) (../../src/JEU_TrouverVainqueur.c)
(../../src/UNIT_IHM.c [35]) (../../src/IA_Evaluer.c) (../../src/IA_MinMax.c
[36]) (../../src/IA_ObtenirCoupIA.c [37]) (../../src/IA_ObtenirCoupsPossibles.c
) (../../src/IA_Score.c [38]) (../../src/IA_ScoreDUnCoup.c) [39]
(../../src/UNIT_Tournoi.c [40]) (../../src/test_TAD.c [41] [42] [43] [44])

! Package Listings Error: File `../../src/test_JEU(.c)' not found.

Type X to quit or <RETURN> to proceed,
or enter new name. (Default extension: c)

Enter file name: 
) [45]
Chapitre 6.


pdfTeX warning: pdflatex (file ./table_rep.pdf): PDF inclusion: found PDF versi
on <1.7>, but at most version <1.5> allowed
<table_rep.pdf, id=1880, 597.55246pt x 421.09319pt>
File: table_rep.pdf Graphic file (type pdf)
<use table_rep.pdf>
Package pdftex.def Info: table_rep.pdf  used on input line 371.
(pdftex.def)             Requested size: 597.551pt x 421.09215pt.

! LaTeX Error: \begin{list} on input line 1 ended by \end{document}.

See the LaTeX manual or LaTeX Companion for explanation.
Type  H <return>  for immediate help.
 ...                                              
                                                  
l.374 \end{document}
                    
? 
[46

] [47 <./table_rep.pdf>] (./main.aux)
Package rerunfilecheck Info: File `main.out' has not changed.
(rerunfilecheck)             Checksum: A008241D7105F0574D5C57EC3A5DED99;2599.
 )
(\end occurred inside a group at level 7)

### semi simple group (level 7) entered at line 1 (\begingroup)
### semi simple group (level 6) entered at line 1 (\begingroup)
### semi simple group (level 5) entered at line 1 (\begingroup)
### semi simple group (level 4) entered at line 2 (\begingroup)
### semi simple group (level 3) entered at line 1 (\begingroup)
### semi simple group (level 2) entered at line 1 (\begingroup)
### semi simple group (level 1) entered at line 1 (\begingroup)
### bottom level 
Here is how much of TeX's memory you used:
 17073 strings out of 480145
 265948 string characters out of 5893299
 953491 words of memory out of 5000000
 33284 multiletter control sequences out of 15000+600000
 485485 words of font info for 68 fonts, out of 8000000 for 9000
 59 hyphenation exceptions out of 8191
 70i,8n,76p,645b,2105s stack positions out of 5000i,500n,10000p,200000b,80000s
 </home/lucas/.texlive2021/texmf-var/fonts/pk/ljfour/jknappen/e
c/tcrm1000.600pk> </home/lucas/.texlive2021/texmf-var/fonts/pk/ljfour/jknappen/
ec/ectt1000.600pk> </home/lucas/.texlive2021/texmf-var/fonts/pk/ljfour/jknappen
/ec/ecbx1000.600pk> </home/lucas/.texlive2021/texmf-var/fonts/pk/ljfour/jknappe
n/ec/ecss1000.600pk> </home/lucas/.texlive2021/texmf-var/fonts/pk/ljfour/jknapp
en/ec/ecsx1000.600pk> </home/lucas/.texlive2021/texmf-var/fonts/pk/ljfour/jknap
pen/ec/ecbx1200.600pk> </home/lucas/.texlive2021/texmf-var/fonts/pk/ljfour/jkna
ppen/ec/ecbx1440.600pk> </home/lucas/.texlive2021/texmf-var/fonts/pk/ljfour/jkn
appen/ec/ecrm1000.600pk> </home/lucas/.texlive2021/texmf-var/fonts/pk/ljfour/jk
nappen/ec/ecbx2488.600pk> </home/lucas/.texlive2021/texmf-var/fonts/pk/ljfour/j
knappen/ec/ecbx2074.600pk> </home/lucas/.texlive2021/texmf-var/fonts/pk/ljfour/
jknappen/ec/ecrm1200.600pk> </home/lucas/.texlive2021/texmf-var/fonts/pk/ljfour
/jknappen/ec/ecrm1728.600pk></usr/share/texlive/texmf-dist/fonts/type1/public/a
msfonts/cm/cmmi10.pfb></usr/share/texlive/texmf-dist/fonts/type1/public/amsfont
s/cm/cmr10.pfb></usr/share/texlive/texmf-dist/fonts/type1/public/amsfonts/cm/cm
sy10.pfb>
Output written on main.pdf (48 pages, 532350 bytes).
PDF statistics:
 2622 PDF objects out of 2984 (max. 8388607)
 2152 compressed objects within 22 object streams
 1373 named destinations out of 1440 (max. 500000)
 147 words of extra memory for PDF output out of 10000 (max. 10000000)

